JvmtiExport can_access_local_variables 0
JvmtiExport can_hotswap_or_post_breakpoint 0
JvmtiExport can_post_on_exceptions 0
# 545 ciObject found
instanceKlass sun/security/ssl/SecureKey
instanceKlass com/android/build/gradle/internal/tasks/IncrementalTask$$Lambda$336
instanceKlass com/android/build/gradle/internal/tasks/IncrementalTask$$Lambda$335
instanceKlass org/gradle/cache/internal/btree/FreeListBlockStore$FreeListEntry
instanceKlass org/gradle/api/internal/changedetection/rules/FileChange
instanceKlass org/gradle/api/internal/changedetection/state/OrderInsensitiveTaskFilePropertyCompareStrategy$IncrementalFileSnapshotWithAbsolutePath
instanceKlass com/google/common/collect/MultimapBuilder$MultimapBuilderWithKeys
instanceKlass com/google/common/collect/MultimapBuilder
instanceKlass org/gradle/api/internal/changedetection/rules/AbstractNamedFileSnapshotTaskStateChanges$2
instanceKlass org/gradle/util/DiffUtil
instanceKlass org/gradle/api/internal/changedetection/rules/AbstractNamedFileSnapshotTaskStateChanges$1
instanceKlass com/google/common/collect/SortedLists
instanceKlass com/android/build/gradle/internal/dependency/AarTransform$$Lambda$334
instanceKlass com/android/build/gradle/internal/dependency/AarTransform$1
instanceKlass org/gradle/api/internal/artifacts/transform/DefaultTransformedFileCache$TransformAction
instanceKlass org/gradle/internal/resource/ExternalResourceReadMetadataBuildOperationType$Details
instanceKlass org/gradle/internal/resource/BuildOperationFiringExternalResourceDecorator$1
instanceKlass org/gradle/internal/component/model/DependencyMetadataRules
instanceKlass org/gradle/internal/component/external/model/IvyModuleResolveMetadata
instanceKlass org/gradle/api/internal/artifacts/ivyservice/modulecache/ModuleMetadataSerializer$Writer
instanceKlass org/gradle/internal/resource/local/DefaultPathKeyFileStore$1
instanceKlass org/gradle/api/internal/artifacts/ivyservice/modulecache/ModuleMetadataStore$1
instanceKlass org/gradle/api/internal/artifacts/ivyservice/modulecache/DefaultModuleMetaDataCache$2
instanceKlass org/gradle/api/internal/artifacts/ivyservice/ivyresolve/CachingModuleComponentRepository$1
instanceKlass org/gradle/internal/resource/local/DefaultLocallyAvailableExternalResource
instanceKlass org/gradle/api/internal/artifacts/ivyservice/DefaultCacheLockingManager$CacheLockingPersistentCache$3
instanceKlass org/gradle/internal/resource/cached/ivy/AbstractCachedIndex$2
instanceKlass org/gradle/internal/resource/cached/DefaultCachedExternalResource
instanceKlass org/gradle/util/RelativePathUtil
instanceKlass org/gradle/api/tasks/WorkResults$2
instanceKlass org/gradle/api/tasks/WorkResults$1
instanceKlass org/gradle/api/tasks/WorkResults
instanceKlass org/gradle/api/internal/file/delete/DefaultDeleteSpec
instanceKlass org/gradle/api/internal/file/delete/Deleter$1
instanceKlass org/gradle/internal/resource/local/DefaultPathKeyFileStore$2
instanceKlass org/gradle/internal/resource/transfer/DefaultCacheAwareExternalResourceAccessor$3
instanceKlass org/gradle/internal/resource/BuildOperationFiringExternalResourceDecorator$ReadOperationResult
instanceKlass org/gradle/internal/resource/ExternalResourceReadBuildOperationType$Result
instanceKlass org/apache/http/util/EntityUtils
instanceKlass org/apache/http/client/utils/HttpClientUtils
instanceKlass org/gradle/internal/resource/transfer/ResourceOperation
instanceKlass org/gradle/internal/resource/transfer/ProgressLoggingExternalResourceAccessor$ProgressLoggingExternalResource
instanceKlass sun/util/locale/provider/CalendarNameProviderImpl$LengthBasedComparator
instanceKlass sun/util/locale/provider/CalendarDataUtility$CalendarFieldValueNamesMapGetter
instanceKlass java/text/CalendarBuilder
instanceKlass java/text/ParsePosition
instanceKlass org/apache/http/client/utils/DateUtils$DateFormatHolder
instanceKlass org/apache/http/client/utils/DateUtils
instanceKlass org/gradle/internal/resource/transport/http/HttpResponseResource
instanceKlass org/apache/http/entity/HttpEntityWrapper
instanceKlass org/apache/http/conn/EofSensorWatcher
instanceKlass org/apache/http/impl/execchain/HttpResponseProxy
instanceKlass org/apache/http/message/TokenParser
instanceKlass org/apache/http/NameValuePair
instanceKlass org/apache/http/HeaderElement
instanceKlass org/apache/http/message/BasicHeaderValueParser
instanceKlass org/apache/http/message/HeaderValueParser
instanceKlass org/apache/http/message/BasicHeaderElementIterator
instanceKlass org/apache/http/entity/AbstractHttpEntity
instanceKlass org/apache/http/message/BufferedHeader
instanceKlass org/apache/http/message/BasicStatusLine
instanceKlass org/apache/http/protocol/HTTP
instanceKlass org/apache/http/message/ParserCursor
instanceKlass org/apache/http/FormattedHeader
instanceKlass org/apache/http/message/BasicListHeaderIterator
instanceKlass org/apache/http/impl/auth/HttpAuthenticator$1
instanceKlass org/apache/http/conn/util/InetAddressUtils
instanceKlass com/sun/crypto/provider/GHASH
instanceKlass com/sun/crypto/provider/GCTR
instanceKlass com/sun/crypto/provider/PKCS5Padding
instanceKlass com/sun/crypto/provider/Padding
instanceKlass com/sun/crypto/provider/FeedbackCipher
instanceKlass com/sun/crypto/provider/CipherCore
instanceKlass com/sun/crypto/provider/AESConstants
instanceKlass com/sun/crypto/provider/SymmetricCipher
instanceKlass javax/crypto/CipherSpi
instanceKlass javax/crypto/spec/GCMParameterSpec
instanceKlass sun/security/ssl/CipherBox$1
instanceKlass javax/crypto/Cipher$Transform
instanceKlass sun/security/internal/spec/TlsPrfParameterSpec
instanceKlass sun/security/internal/spec/TlsKeyMaterialSpec
instanceKlass javax/crypto/spec/IvParameterSpec
instanceKlass sun/security/internal/spec/TlsKeyMaterialParameterSpec
instanceKlass com/sun/crypto/provider/TlsMasterSecretGenerator$TlsMasterSecretKey
instanceKlass sun/security/internal/interfaces/TlsMasterSecret
instanceKlass javax/crypto/KeyGeneratorSpi
instanceKlass javax/crypto/KeyGenerator
instanceKlass sun/security/internal/spec/TlsMasterSecretParameterSpec
instanceKlass javax/crypto/spec/SecretKeySpec
instanceKlass javax/crypto/KeyAgreementSpi
instanceKlass java/security/KeyPair
instanceKlass sun/security/ssl/ECDHCrypt
instanceKlass java/security/interfaces/ECPrivateKey
instanceKlass java/security/spec/ECPublicKeySpec
instanceKlass sun/security/ssl/ClientHandshaker$2
instanceKlass java/security/cert/PKIXCertPathValidatorResult
instanceKlass java/security/cert/CertPathValidatorResult
instanceKlass sun/security/provider/certpath/PKIXMasterCertPathValidator
instanceKlass sun/security/provider/certpath/PolicyNodeImpl
instanceKlass java/security/cert/PolicyNode
instanceKlass sun/security/util/AnchorCertificates$1
instanceKlass sun/security/util/AnchorCertificates
instanceKlass sun/security/x509/X509CertImpl$$Lambda$333
instanceKlass sun/security/util/UntrustedCertificates$1
instanceKlass sun/security/util/UntrustedCertificates
instanceKlass sun/security/provider/certpath/CertPathHelper
instanceKlass java/security/cert/X509CertSelector
instanceKlass java/security/cert/CertSelector
instanceKlass sun/security/provider/certpath/PKIX$ValidatorParams
instanceKlass sun/security/provider/certpath/PKIX
instanceKlass java/security/cert/CertPathValidatorSpi
instanceKlass java/security/cert/CertPathValidator
instanceKlass java/security/cert/PKIXCertPathChecker
instanceKlass java/security/cert/CertPathChecker
instanceKlass sun/security/ssl/SSLAlgorithmConstraints$SupportedSignatureAlgorithmConstraints
instanceKlass java/security/cert/PKIXParameters
instanceKlass java/security/cert/CertPathParameters
instanceKlass java/security/cert/TrustAnchor
instanceKlass sun/security/validator/EndEntityChecker
instanceKlass sun/security/validator/Validator
instanceKlass sun/security/ssl/ExtensionType
instanceKlass sun/security/ssl/RandomCookie
instanceKlass sun/security/ssl/HelloExtensions
instanceKlass sun/security/ssl/HandshakeMessage
instanceKlass sun/security/ssl/HandshakeHash
instanceKlass sun/security/ssl/HelloExtension
instanceKlass javax/net/ssl/SSLParameters
instanceKlass sun/security/ssl/Handshaker
instanceKlass java/net/Socket$3
instanceKlass java/net/Socket$2
instanceKlass sun/security/ssl/Record
instanceKlass sun/security/ssl/Authenticator
instanceKlass sun/security/ssl/CipherBox
instanceKlass sun/security/mscapi/SunMSCAPI$1
instanceKlass sun/security/smartcardio/SunPCSC$1
instanceKlass org/jcp/xml/dsig/internal/dom/XMLDSigRI$1
instanceKlass com/sun/security/sasl/Provider$1
instanceKlass sun/security/jgss/SunProvider$1
instanceKlass com/sun/crypto/provider/SunJCE$1
instanceKlass sun/security/ssl/SignatureAndHashAlgorithm
instanceKlass sun/security/ssl/SessionId
instanceKlass javax/net/ssl/ExtendedSSLSession
instanceKlass javax/net/ssl/SSLSession
instanceKlass sun/text/normalizer/UnicodeSet
instanceKlass sun/text/normalizer/UnicodeMatcher
instanceKlass sun/text/normalizer/NormalizerImpl$AuxTrieImpl
instanceKlass sun/text/normalizer/NormalizerImpl$NormTrieImpl
instanceKlass sun/text/normalizer/NormalizerImpl$FCDTrieImpl
instanceKlass sun/text/normalizer/NormalizerDataReader
instanceKlass sun/text/normalizer/ICUData
instanceKlass sun/text/normalizer/NormalizerImpl
instanceKlass sun/text/normalizer/VersionInfo
instanceKlass sun/text/normalizer/CharTrie$FriendAgent
instanceKlass sun/text/normalizer/Trie
instanceKlass sun/net/idn/StringPrep$StringPrepTrieImpl
instanceKlass sun/text/normalizer/Trie$DataManipulate
instanceKlass sun/text/normalizer/ICUBinary
instanceKlass sun/net/idn/StringPrepDataReader
instanceKlass sun/text/normalizer/ICUBinary$Authenticate
instanceKlass sun/net/idn/StringPrep
instanceKlass java/net/IDN
instanceKlass javax/net/ssl/SNIServerName
instanceKlass sun/security/ssl/Utilities
instanceKlass java/net/SocksSocketImpl$3
instanceKlass java/net/InetAddress$CacheEntry
instanceKlass sun/net/InetAddressCachePolicy$2
instanceKlass sun/net/InetAddressCachePolicy$1
instanceKlass sun/net/InetAddressCachePolicy
instanceKlass org/apache/http/conn/routing/RouteTracker
instanceKlass org/apache/http/impl/execchain/ConnectionHolder
instanceKlass org/apache/http/conn/ConnectionReleaseTrigger
instanceKlass org/apache/http/impl/conn/CPoolProxy
instanceKlass org/apache/http/impl/conn/Wire
instanceKlass org/apache/http/impl/io/AbstractMessageParser
instanceKlass org/apache/http/util/CharArrayBuffer
instanceKlass org/apache/http/impl/io/AbstractMessageWriter
instanceKlass org/apache/http/impl/HttpConnectionMetricsImpl
instanceKlass org/apache/http/impl/io/SessionOutputBufferImpl
instanceKlass org/apache/http/util/ByteArrayBuffer
instanceKlass org/apache/http/config/MessageConstraints$Builder
instanceKlass org/apache/http/config/MessageConstraints
instanceKlass org/apache/http/impl/io/SessionInputBufferImpl
instanceKlass org/apache/http/io/BufferInfo
instanceKlass org/apache/http/impl/io/HttpTransportMetricsImpl
instanceKlass org/apache/http/io/SessionInputBuffer
instanceKlass org/apache/http/io/SessionOutputBuffer
instanceKlass org/apache/http/HttpConnectionMetrics
instanceKlass org/apache/http/io/HttpTransportMetrics
instanceKlass org/apache/http/config/ConnectionConfig$Builder
instanceKlass org/apache/http/config/ConnectionConfig
instanceKlass org/apache/http/util/LangUtils
instanceKlass org/apache/http/impl/conn/PoolingHttpClientConnectionManager$1
instanceKlass org/apache/http/pool/PoolEntryFuture
instanceKlass org/apache/http/util/Asserts
instanceKlass org/apache/http/impl/cookie/DefaultCookieSpec
instanceKlass org/apache/http/impl/cookie/BasicDomainHandler
instanceKlass org/apache/http/impl/cookie/RFC2109DomainHandler
instanceKlass org/apache/http/impl/cookie/RFC2965DiscardAttributeHandler
instanceKlass org/apache/http/impl/cookie/RFC2965CommentUrlAttributeHandler
instanceKlass org/apache/http/impl/cookie/AbstractCookieAttributeHandler
instanceKlass org/apache/http/impl/cookie/RFC2965PortAttributeHandler
instanceKlass org/apache/http/impl/cookie/PublicSuffixDomainFilter
instanceKlass org/apache/http/impl/cookie/RFC2965DomainAttributeHandler
instanceKlass org/apache/http/impl/cookie/RFC2965VersionAttributeHandler
instanceKlass org/apache/http/cookie/SetCookie
instanceKlass org/apache/http/cookie/Cookie
instanceKlass org/apache/http/impl/cookie/AbstractCookieSpec
instanceKlass org/apache/http/cookie/CookieOrigin
instanceKlass org/apache/http/message/BasicHeader
instanceKlass org/apache/http/client/utils/URIBuilder
instanceKlass org/apache/http/conn/routing/HttpRoute
instanceKlass org/apache/http/impl/conn/SystemDefaultRoutePlanner$1
instanceKlass sun/net/spi/DefaultProxySelector$3
instanceKlass sun/net/spi/DefaultProxySelector$NonProxyInfo
instanceKlass org/apache/http/auth/AuthState
instanceKlass org/apache/http/protocol/HttpCoreContext
instanceKlass org/apache/http/message/BasicRequestLine
instanceKlass org/apache/http/params/HttpProtocolParams
instanceKlass org/apache/http/params/CoreProtocolPNames
instanceKlass org/apache/http/params/AbstractHttpParams
instanceKlass org/apache/http/params/HttpParamsNames
instanceKlass org/apache/http/HttpHost
instanceKlass org/apache/http/client/utils/URIUtils
instanceKlass org/apache/http/conn/ClientConnectionManager
instanceKlass org/apache/http/impl/client/HttpClientBuilder$2
instanceKlass org/apache/http/cookie/CookieIdentityComparator
instanceKlass org/apache/http/impl/client/BasicCookieStore
instanceKlass org/apache/http/impl/execchain/RedirectExec
instanceKlass org/apache/http/impl/execchain/RetryExec
instanceKlass org/apache/http/impl/client/DefaultHttpRequestRetryHandler
instanceKlass org/apache/http/impl/execchain/ProtocolExec
instanceKlass org/apache/http/client/protocol/ResponseContentEncoding$2
instanceKlass org/apache/http/client/protocol/ResponseContentEncoding$1
instanceKlass org/apache/http/client/entity/InputStreamFactory
instanceKlass org/apache/http/client/protocol/ResponseContentEncoding
instanceKlass org/apache/http/client/protocol/ResponseProcessCookies
instanceKlass org/apache/http/client/protocol/RequestAuthCache
instanceKlass org/apache/http/client/protocol/RequestAcceptEncoding
instanceKlass org/apache/http/client/protocol/RequestAddCookies
instanceKlass org/apache/http/protocol/ChainBuilder
instanceKlass org/apache/http/client/protocol/RequestExpectContinue
instanceKlass org/apache/http/client/protocol/RequestClientConnControl
instanceKlass org/apache/http/protocol/RequestContent
instanceKlass org/apache/http/client/protocol/RequestDefaultHeaders
instanceKlass org/apache/http/protocol/HttpProcessorBuilder
instanceKlass org/apache/http/conn/routing/BasicRouteDirector
instanceKlass org/apache/http/impl/auth/HttpAuthenticator
instanceKlass org/apache/http/conn/routing/RouteInfo
instanceKlass org/apache/http/conn/routing/HttpRouteDirector
instanceKlass org/apache/http/impl/execchain/MainClientExec
instanceKlass org/apache/http/protocol/RequestUserAgent
instanceKlass org/apache/http/protocol/RequestTargetHost
instanceKlass org/apache/http/protocol/ImmutableHttpProcessor
instanceKlass org/apache/http/impl/client/DefaultUserTokenHandler
instanceKlass org/apache/http/client/AuthCache
instanceKlass org/apache/http/impl/client/AuthenticationStrategyImpl
instanceKlass org/apache/http/HeaderElementIterator
instanceKlass org/apache/http/impl/client/DefaultConnectionKeepAliveStrategy
instanceKlass org/apache/http/TokenIterator
instanceKlass org/apache/http/impl/DefaultConnectionReuseStrategy
instanceKlass org/apache/http/impl/entity/StrictContentLengthStrategy
instanceKlass org/apache/http/impl/entity/LaxContentLengthStrategy
instanceKlass org/apache/http/impl/EnglishReasonPhraseCatalog
instanceKlass org/apache/http/ReasonPhraseCatalog
instanceKlass org/apache/http/impl/DefaultHttpResponseFactory
instanceKlass org/apache/http/StatusLine
instanceKlass org/apache/http/message/BasicLineParser
instanceKlass org/apache/http/io/HttpMessageParser
instanceKlass org/apache/http/HttpResponseFactory
instanceKlass org/apache/http/message/LineParser
instanceKlass org/apache/http/impl/conn/DefaultHttpResponseParserFactory
instanceKlass org/apache/http/message/BasicLineFormatter
instanceKlass org/apache/http/io/HttpMessageWriter
instanceKlass org/apache/http/message/LineFormatter
instanceKlass org/apache/http/impl/io/DefaultHttpRequestWriterFactory
instanceKlass org/apache/http/impl/BHttpConnectionBase
instanceKlass org/apache/http/conn/ManagedHttpClientConnection
instanceKlass org/apache/http/HttpInetConnection
instanceKlass org/apache/http/HttpClientConnection
instanceKlass org/apache/http/HttpConnection
instanceKlass org/apache/http/entity/ContentLengthStrategy
instanceKlass org/apache/http/io/HttpMessageParserFactory
instanceKlass org/apache/http/io/HttpMessageWriterFactory
instanceKlass org/apache/http/impl/conn/ManagedHttpClientConnectionFactory
instanceKlass org/apache/http/conn/HttpConnectionFactory
instanceKlass org/apache/http/impl/conn/PoolingHttpClientConnectionManager$InternalConnectionFactory
instanceKlass org/apache/http/pool/PoolEntryCallback
instanceKlass org/apache/http/pool/RouteSpecificPool
instanceKlass org/apache/http/pool/AbstractConnPool
instanceKlass org/apache/http/pool/ConnPool
instanceKlass org/apache/http/impl/conn/PoolingHttpClientConnectionManager$ConfigData
instanceKlass org/apache/http/impl/conn/SystemDefaultDnsResolver
instanceKlass org/apache/http/conn/DnsResolver
instanceKlass org/apache/http/impl/conn/DefaultHttpClientConnectionOperator
instanceKlass org/apache/http/conn/socket/PlainConnectionSocketFactory
instanceKlass org/apache/http/conn/ConnectionRequest
instanceKlass org/apache/http/pool/PoolEntry
instanceKlass org/apache/http/pool/ConnFactory
instanceKlass org/apache/http/conn/HttpClientConnectionOperator
instanceKlass org/apache/http/impl/conn/PoolingHttpClientConnectionManager
instanceKlass org/apache/http/pool/ConnPoolControl
instanceKlass org/apache/http/ProtocolVersion
instanceKlass org/apache/http/protocol/HttpRequestExecutor
instanceKlass org/apache/http/config/SocketConfig$Builder
instanceKlass org/apache/http/config/SocketConfig
instanceKlass org/apache/http/client/config/RequestConfig$Builder
instanceKlass org/apache/http/client/config/RequestConfig
instanceKlass org/gradle/internal/resource/transport/http/JavaSystemPropertiesHttpTimeoutSettings
instanceKlass org/apache/http/impl/cookie/IgnoreSpecProvider
instanceKlass org/apache/http/impl/cookie/NetscapeDraftSpecProvider
instanceKlass org/apache/http/impl/cookie/RFC6265CookieSpecProvider
instanceKlass org/apache/http/cookie/CookieSpec
instanceKlass org/apache/http/impl/cookie/BasicPathHandler
instanceKlass org/apache/http/cookie/CommonCookieAttributeHandler
instanceKlass org/apache/http/cookie/CookieAttributeHandler
instanceKlass org/apache/http/impl/cookie/DefaultCookieSpecProvider
instanceKlass org/apache/http/cookie/CookieSpecProvider
instanceKlass org/apache/http/conn/util/PublicSuffixMatcher
instanceKlass org/apache/http/conn/util/PublicSuffixList
instanceKlass org/apache/http/Consts
instanceKlass org/apache/http/conn/util/PublicSuffixListParser
instanceKlass org/apache/http/conn/util/PublicSuffixMatcherLoader
instanceKlass org/apache/http/impl/conn/DefaultSchemePortResolver
instanceKlass sun/net/NetProperties$1
instanceKlass sun/net/NetProperties
instanceKlass sun/net/spi/DefaultProxySelector$1
instanceKlass java/net/ProxySelector
instanceKlass org/apache/http/impl/conn/DefaultRoutePlanner
instanceKlass org/gradle/internal/resource/transport/http/HttpProxySettings$HttpProxy
instanceKlass org/gradle/internal/resource/transport/http/JavaSystemPropertiesProxySettings
instanceKlass org/apache/http/config/Registry
instanceKlass org/apache/http/impl/auth/KerberosSchemeFactory
instanceKlass org/apache/http/impl/auth/SPNegoSchemeFactory
instanceKlass org/apache/http/impl/auth/NTLMEngine
instanceKlass org/gradle/internal/resource/transport/http/ntlm/NTLMSchemeFactory
instanceKlass org/apache/http/impl/auth/DigestSchemeFactory
instanceKlass org/apache/http/util/TextUtils
instanceKlass org/apache/http/impl/auth/BasicSchemeFactory
instanceKlass org/apache/http/auth/AuthSchemeProvider
instanceKlass org/apache/http/auth/AuthSchemeFactory
instanceKlass org/apache/http/config/RegistryBuilder
instanceKlass javax/net/SocketFactory
instanceKlass javax/net/ssl/X509ExtendedKeyManager
instanceKlass javax/net/ssl/X509KeyManager
instanceKlass javax/net/ssl/KeyManager
instanceKlass sun/security/ssl/SSLSessionContextImpl$1
instanceKlass sun/security/ssl/SSLSessionContextImpl
instanceKlass javax/net/ssl/SSLSessionContext
instanceKlass sun/security/ssl/EphemeralKeyManager$EphemeralKeyPair
instanceKlass sun/security/ssl/EphemeralKeyManager
instanceKlass sun/security/ssl/SSLContextImpl$CustomizedSSLProtocols
instanceKlass sun/security/ssl/CipherSuiteList
instanceKlass sun/security/ssl/SSLAlgorithmDecomposer$1
instanceKlass java/security/spec/ECGenParameterSpec
instanceKlass sun/security/util/ECKeySizeParameterSpec
instanceKlass java/security/KeyPairGeneratorSpi
instanceKlass javax/crypto/KeyAgreement
instanceKlass sun/security/ssl/JsseJce$EcAvailability
instanceKlass sun/security/ssl/CipherSuite$MacAlg
instanceKlass javax/crypto/JceSecurity$2
instanceKlass javax/crypto/JceSecurityManager$1
instanceKlass javax/crypto/spec/RC5ParameterSpec
instanceKlass javax/crypto/spec/RC2ParameterSpec
instanceKlass javax/crypto/JarVerifier
instanceKlass java/util/Vector$1
instanceKlass javax/crypto/CryptoPolicyParser$CryptoPermissionEntry
instanceKlass javax/crypto/CryptoPolicyParser$GrantEntry
instanceKlass java/io/StreamTokenizer
instanceKlass javax/crypto/CryptoPolicyParser
instanceKlass javax/crypto/JceSecurity$1
instanceKlass javax/crypto/JceSecurity
instanceKlass javax/crypto/Cipher
instanceKlass sun/security/krb5/Realm
instanceKlass sun/security/krb5/PrincipalName
instanceKlass sun/security/ssl/JsseJce$1
instanceKlass sun/security/ssl/JsseJce
instanceKlass sun/security/ssl/CipherSuite$BulkCipher
instanceKlass sun/security/ssl/CipherSuite
instanceKlass sun/security/ssl/SSLAlgorithmConstraints
instanceKlass sun/security/ssl/ProtocolVersion
instanceKlass sun/security/ssl/ProtocolList
instanceKlass javax/net/ssl/SSLContextSpi
instanceKlass javax/net/ssl/SSLContext
instanceKlass javax/net/ssl/KeyManagerFactory$1
instanceKlass javax/net/ssl/KeyManagerFactory
instanceKlass sun/security/validator/KeyStores
instanceKlass javax/net/ssl/X509ExtendedTrustManager
instanceKlass sun/security/x509/CertificatePolicyMap
instanceKlass sun/security/util/ECUtil
instanceKlass java/security/interfaces/ECPublicKey
instanceKlass java/security/interfaces/ECKey
instanceKlass java/security/cert/PolicyQualifierInfo
instanceKlass sun/security/x509/CertificatePolicyId
instanceKlass sun/security/x509/PolicyInformation
instanceKlass sun/security/provider/JavaKeyStore$TrustedCertEntry
instanceKlass sun/security/provider/KeyStoreDelegator$1
instanceKlass java/security/KeyStoreSpi
instanceKlass sun/security/ssl/Debug
instanceKlass sun/security/ssl/SunJSSE$1
instanceKlass java/security/spec/ECFieldF2m
instanceKlass java/security/spec/ECParameterSpec
instanceKlass java/security/spec/ECPoint
instanceKlass java/security/spec/EllipticCurve
instanceKlass java/security/spec/ECFieldFp
instanceKlass java/security/spec/ECField
instanceKlass sun/security/ec/CurveDB
instanceKlass sun/security/ec/SunECEntries
instanceKlass sun/security/ec/SunEC$1
instanceKlass javax/net/ssl/TrustManagerFactorySpi
instanceKlass javax/net/ssl/TrustManagerFactory$1
instanceKlass javax/net/ssl/TrustManagerFactory
instanceKlass org/apache/http/conn/ssl/AbstractVerifier
instanceKlass org/apache/http/conn/ssl/X509HostnameVerifier
instanceKlass org/apache/http/conn/ssl/SSLConnectionSocketFactory
instanceKlass org/apache/http/impl/client/BasicCredentialsProvider
instanceKlass org/apache/http/impl/client/SystemDefaultCredentialsProvider
instanceKlass org/apache/http/auth/AuthScheme
instanceKlass org/apache/http/auth/Credentials
instanceKlass org/gradle/internal/resource/transport/http/HttpClientConfigurer
instanceKlass org/apache/http/impl/client/DefaultRedirectStrategy
instanceKlass org/apache/http/impl/client/CloseableHttpClient
instanceKlass org/apache/http/client/HttpClient
instanceKlass org/apache/http/client/CredentialsProvider
instanceKlass org/apache/http/client/CookieStore
instanceKlass org/apache/http/conn/routing/HttpRoutePlanner
instanceKlass org/apache/http/conn/SchemePortResolver
instanceKlass org/apache/http/client/HttpRequestRetryHandler
instanceKlass org/apache/http/impl/execchain/ClientExecChain
instanceKlass org/apache/http/config/Lookup
instanceKlass org/apache/http/protocol/HttpProcessor
instanceKlass org/apache/http/HttpResponseInterceptor
instanceKlass org/apache/http/HttpRequestInterceptor
instanceKlass org/apache/http/client/UserTokenHandler
instanceKlass org/apache/http/client/AuthenticationStrategy
instanceKlass org/apache/http/conn/ConnectionKeepAliveStrategy
instanceKlass org/apache/http/ConnectionReuseStrategy
instanceKlass org/apache/http/conn/HttpClientConnectionManager
instanceKlass org/apache/http/conn/socket/LayeredConnectionSocketFactory
instanceKlass org/apache/http/conn/socket/ConnectionSocketFactory
instanceKlass org/apache/http/impl/client/HttpClientBuilder
instanceKlass org/apache/http/util/Args
instanceKlass org/apache/http/protocol/BasicHttpContext
instanceKlass org/apache/http/HeaderIterator
instanceKlass org/apache/http/message/HeaderGroup
instanceKlass org/apache/http/RequestLine
instanceKlass org/apache/http/concurrent/Cancellable
instanceKlass org/apache/http/params/HttpParams
instanceKlass org/apache/http/Header
instanceKlass org/gradle/internal/resource/BuildOperationFiringExternalResourceDecorator$LocationDetails
instanceKlass org/gradle/internal/resource/ExternalResourceReadBuildOperationType$Details
instanceKlass org/gradle/internal/resource/BuildOperationFiringExternalResourceDecorator$11
instanceKlass org/gradle/internal/resource/transfer/DefaultCacheAwareExternalResourceAccessor$DownloadAction
instanceKlass org/gradle/internal/resource/BuildOperationFiringExternalResourceDecorator$13
instanceKlass org/gradle/internal/resource/BuildOperationFiringExternalResourceDecorator$12
instanceKlass org/gradle/internal/resource/ExternalResourceListBuildOperationType$Result
instanceKlass org/gradle/internal/resource/ExternalResourceReadMetadataBuildOperationType$Result
instanceKlass org/gradle/internal/resource/BuildOperationFiringExternalResourceDecorator
instanceKlass org/gradle/internal/resource/local/LocallyAvailableResourceFinderSearchableFileStoreAdapter$1$1$1
instanceKlass org/gradle/api/internal/file/collections/SingleIncludePatternFileTree
instanceKlass org/gradle/internal/resource/transfer/DefaultCacheAwareExternalResourceAccessor$1
instanceKlass org/gradle/api/internal/artifacts/ivyservice/resolveengine/graph/builder/DownloadMetadataOperation
instanceKlass org/gradle/api/internal/artifacts/ivyservice/resolveengine/graph/builder/DependencyGraphBuilder$2
instanceKlass com/android/build/gradle/internal/workeractions/WorkerActionServiceRegistry$shutdownAllRegisteredServices$1$1
instanceKlass org/gradle/execution/taskgraph/DefaultTaskExecutionPlan$7
instanceKlass org/gradle/execution/taskgraph/DefaultTaskExecutionPlan$12
instanceKlass com/google/gson/internal/LinkedTreeMap$LinkedTreeMapIterator
instanceKlass com/android/build/gradle/internal/res/LinkApplicationAndroidResourcesTask$$Lambda$332
instanceKlass com/android/ide/common/xml/ManifestData$KeepClass
instanceKlass com/android/ide/common/xml/ManifestData$Activity
instanceKlass com/android/ide/common/xml/ManifestData
instanceKlass com/android/ide/common/xml/AndroidManifestParser
instanceKlass kotlin/comparisons/ComparisonsKt__ComparisonsKt
instanceKlass com/android/ide/common/symbols/SymbolTable$getSymbolByResourceType$$inlined$compareBy$1
instanceKlass com/android/ide/common/symbols/RGeneration$$Lambda$331
instanceKlass com/android/ide/common/symbols/RGeneration
instanceKlass com/android/ide/common/symbols/SymbolIo$$Lambda$330
instanceKlass com/android/ide/common/symbols/SymbolIo$$Lambda$329
instanceKlass com/android/io/IAbstractFile
instanceKlass com/android/ide/common/symbols/SymbolUtils
instanceKlass com/google/common/collect/Tables$AbstractCell
instanceKlass com/google/common/collect/StandardTable$CellIterator
instanceKlass com/android/ide/common/symbols/SymbolIo$AaptHandler$$Lambda$328
instanceKlass java/util/Comparator$$Lambda$327
instanceKlass com/android/ide/common/symbols/SymbolIo$AaptHandler$$Lambda$326
instanceKlass com/android/ide/common/symbols/Symbol$Companion
instanceKlass com/android/ide/common/symbols/Symbol
instanceKlass com/android/ide/common/symbols/SymbolIo$$Lambda$325
instanceKlass com/google/common/collect/Tables$1
instanceKlass com/google/common/collect/RowSortedTable
instanceKlass com/google/common/collect/Table$Cell
instanceKlass com/google/common/collect/Tables
instanceKlass com/android/ide/common/symbols/SymbolTable$Builder$symbols$1
instanceKlass com/android/ide/common/symbols/SymbolTable$Builder
instanceKlass com/android/ide/common/symbols/SymbolTable$Companion
instanceKlass com/android/ide/common/symbols/SymbolTable
instanceKlass com/android/ide/common/symbols/SymbolIo$$Lambda$324
instanceKlass com/android/ide/common/symbols/SymbolIo$LineReader
instanceKlass com/android/ide/common/symbols/SymbolIo$SymbolData
instanceKlass com/android/ide/common/symbols/SymbolIo$SymbolFilter
instanceKlass com/android/ide/common/symbols/SymbolIo$$Lambda$323
instanceKlass com/android/ide/common/symbols/SymbolIo$BaseHandler
instanceKlass com/android/ide/common/symbols/SymbolIo$StyleableIndexHandler
instanceKlass com/android/ide/common/symbols/SymbolIo
instanceKlass com/android/builder/internal/aapt/AaptUtils$$Lambda$322
instanceKlass com/android/builder/internal/aapt/AaptUtils$$Lambda$321
instanceKlass com/android/builder/internal/aapt/AaptUtils$$Lambda$320
instanceKlass com/android/builder/internal/aapt/AaptUtils
instanceKlass java/util/stream/ForEachOps$ForEachOp
instanceKlass java/util/stream/ForEachOps
instanceKlass com/android/builder/internal/aapt/v2/AaptV2CommandBuilder$$Lambda$319
instanceKlass com/android/builder/internal/aapt/v2/AaptV2CommandBuilder$$Lambda$318
instanceKlass java/nio/file/Files$$Lambda$317
instanceKlass java/nio/file/Files$$Lambda$316
instanceKlass java/nio/file/FileTreeIterator
instanceKlass com/android/builder/internal/aapt/v2/AaptV2CommandBuilder$$Lambda$315
instanceKlass com/android/builder/internal/aapt/v2/QueueableAapt2$$Lambda$314
instanceKlass com/android/builder/internal/aapt/v2/Aapt2QueuedResourceProcessor$$Lambda$313
instanceKlass com/android/builder/internal/aapt/v2/Aapt2QueuedResourceProcessor$2
instanceKlass com/android/builder/internal/aapt/AaptPackageConfig
instanceKlass com/android/builder/internal/aapt/AaptPackageConfig$Builder
instanceKlass com/android/build/gradle/internal/scope/SplitList$Record$$Lambda$312
instanceKlass com/android/build/gradle/internal/scope/SplitList$$Lambda$311
instanceKlass java/util/Collections$2
instanceKlass com/android/build/gradle/internal/res/LinkApplicationAndroidResourcesTask$$Lambda$310
instanceKlass sun/nio/fs/WindowsPath$1
instanceKlass com/google/gson/internal/LinkedTreeMap$Node
instanceKlass com/google/gson/internal/LinkedTreeMap$1
instanceKlass com/android/ide/common/build/ApkInfo$DefaultApkInfo
instanceKlass kotlin/text/StringsKt__IndentKt
instanceKlass org/apache/commons/io/Charsets
instanceKlass org/apache/commons/io/IOUtils
instanceKlass org/apache/commons/io/filefilter/IOFileFilter
instanceKlass org/apache/commons/io/FileUtils
instanceKlass com/android/build/gradle/internal/scope/SplitList$Record$$Lambda$309
instanceKlass com/android/build/gradle/internal/scope/SplitList$Record
instanceKlass com/android/build/gradle/tasks/SplitsDiscovery$$Lambda$308
instanceKlass com/android/build/gradle/tasks/SplitsDiscovery$$Lambda$307
instanceKlass com/android/builder/core/AndroidBuilder$1
instanceKlass com/android/manifmerger/MergingReport
instanceKlass com/google/common/io/LineBuffer
instanceKlass com/google/common/io/LineReader
instanceKlass com/google/common/collect/AbstractMapBasedMultimap$AsMap$AsMapIterator
instanceKlass com/google/common/collect/Multimaps
instanceKlass com/google/common/collect/MultimapBuilder$ArrayListSupplier
instanceKlass com/google/common/collect/MultimapBuilder$MultimapBuilderWithKeys
instanceKlass com/google/common/collect/MultimapBuilder
instanceKlass com/google/common/collect/ImmutableMultimap$Builder
instanceKlass com/android/ide/common/xml/XmlAttributeSortOrder$3
instanceKlass com/android/ide/common/xml/XmlPrettyPrinter
instanceKlass com/android/ide/common/xml/XmlAttributeSortOrder$2
instanceKlass com/android/ide/common/xml/XmlAttributeSortOrder$1
instanceKlass com/android/ide/common/xml/XmlFormatPreferences
instanceKlass com/android/manifmerger/ToolsInstructionsCleaner
instanceKlass com/android/manifmerger/PostValidator$1
instanceKlass com/android/manifmerger/Actions
instanceKlass com/android/manifmerger/PostValidator
instanceKlass java/util/TreeMap$NavigableSubMap$SubMapIterator
instanceKlass com/android/manifmerger/ElementsTrimmer
instanceKlass com/android/manifmerger/NavGraphExpander
instanceKlass com/android/manifmerger/XmlElement$1
instanceKlass com/android/manifmerger/PreValidator
instanceKlass kotlin/_Assertions
instanceKlass com/android/manifmerger/ActionRecorder$$Lambda$306
instanceKlass com/android/manifmerger/ConvertibleName
instanceKlass com/android/manifmerger/Actions$Record
instanceKlass com/android/manifmerger/ActionRecorder$$Lambda$305
instanceKlass com/android/manifmerger/Actions$DecisionTreeRecord
instanceKlass com/android/manifmerger/XmlNode$NodeKey
instanceKlass com/android/manifmerger/XmlNode$Name
instanceKlass com/android/manifmerger/AttributeModel$Hexadecimal32Bits
instanceKlass com/android/manifmerger/ManifestModel$TwoAttributesBasedKeyResolver
instanceKlass com/android/manifmerger/AttributeModel$SeparatedValuesValidator
instanceKlass com/android/manifmerger/IntentFilterNodeKeyResolver
instanceKlass com/android/manifmerger/XmlNode$NamespaceAwareName
instanceKlass com/android/manifmerger/AttributeModel$3
instanceKlass com/android/manifmerger/AttributeModel$2
instanceKlass com/android/manifmerger/AttributeModel$1
instanceKlass com/android/manifmerger/AttributeModel$MergingPolicy
instanceKlass com/android/manifmerger/AttributeModel
instanceKlass com/android/manifmerger/AttributeModel$Builder
instanceKlass com/android/manifmerger/AttributeModel$BooleanValidator
instanceKlass com/android/manifmerger/ManifestModel$1
instanceKlass com/android/manifmerger/ManifestModel$NoKeyNodeResolver
instanceKlass com/android/manifmerger/ManifestModel$AttributeBasedNodeKeyResolver
instanceKlass com/android/manifmerger/ManifestModel
instanceKlass com/android/manifmerger/AttributeModel$Validator
instanceKlass com/android/manifmerger/NodeKeyResolver
instanceKlass com/android/manifmerger/XmlNode$1
instanceKlass com/android/manifmerger/XmlNode$NodeName
instanceKlass com/android/manifmerger/XmlNode
instanceKlass com/android/manifmerger/XmlDocument
instanceKlass com/android/manifmerger/XmlLoader
instanceKlass com/android/manifmerger/ManifestMerger2$SelectorResolver
instanceKlass com/android/manifmerger/ActionRecorder
instanceKlass com/android/manifmerger/MergingReport$Builder
instanceKlass com/android/manifmerger/ManifestMerger2$MapBasedKeyBasedValueResolver
instanceKlass com/android/manifmerger/ManifestMerger2$FileStreamProvider
instanceKlass com/android/manifmerger/ManifestMerger2$AutoAddingProperty
instanceKlass com/android/manifmerger/ManifestMerger2$Invoker
instanceKlass com/android/manifmerger/PlaceholderHandler$KeyBasedValueResolver
instanceKlass com/android/manifmerger/ManifestMerger2$ManifestInfo
instanceKlass com/android/manifmerger/KeyResolver
instanceKlass com/android/manifmerger/ManifestMerger2
instanceKlass com/android/build/gradle/tasks/MergeManifests$ConfigAction$ManifestProviderImpl
instanceKlass kotlin/sequences/FilteringSequence$iterator$1
instanceKlass kotlin/sequences/FilteringSequence
instanceKlass com/google/gson/internal/ConstructorConstructor$13
instanceKlass java/util/concurrent/ConcurrentNavigableMap
instanceKlass com/google/gson/internal/UnsafeAllocator
instanceKlass com/google/gson/internal/ConstructorConstructor$14
instanceKlass com/google/gson/internal/$Gson$Types$WildcardTypeImpl
instanceKlass com/android/build/gradle/tasks/MergeManifests$$Lambda$304
instanceKlass com/android/build/gradle/tasks/MergeManifests$$Lambda$303
instanceKlass com/android/build/gradle/tasks/ManifestProcessorTask$$Lambda$302
instanceKlass com/android/build/gradle/tasks/MergeManifests$$Lambda$301
instanceKlass kotlin/io/CloseableKt
instanceKlass kotlin/collections/EmptyIterator
instanceKlass kotlin/sequences/TransformingSequence$iterator$1
instanceKlass kotlin/sequences/TransformingSequence
instanceKlass kotlin/sequences/SequencesKt__SequencesKt
instanceKlass kotlin/collections/CollectionsKt___CollectionsKt$asSequence$$inlined$Sequence$1
instanceKlass kotlin/sequences/Sequence
instanceKlass com/android/build/gradle/tasks/CompatibleScreensManifest$$Lambda$300
instanceKlass com/android/build/gradle/tasks/CompatibleScreensManifest$$Lambda$299
instanceKlass com/android/builder/tasks/WorkQueue$$Lambda$298
instanceKlass com/android/ide/common/res2/DataSet$1
instanceKlass com/android/ide/common/blame/MergingLogPersistUtil$SourcePositionsSerializer
instanceKlass com/android/ide/common/blame/MergingLogPersistUtil$$Lambda$297
instanceKlass java/util/concurrent/ConcurrentHashMap$MapEntry
instanceKlass org/gradle/internal/work/DefaultAsyncWorkTracker$1
instanceKlass com/android/builder/internal/aapt/AaptQueueThreadContext$$Lambda$296
instanceKlass com/google/common/base/MoreObjects$ToStringHelper$ValueHolder
instanceKlass com/google/common/base/MoreObjects$ToStringHelper
instanceKlass com/android/builder/internal/aapt/v2/AaptV2CommandBuilder
instanceKlass com/android/builder/internal/aapt/v2/Aapt2DaemonUtil
instanceKlass com/android/builder/png/AaptProcess$NotifierProcessOutput
instanceKlass com/android/builder/tasks/JobContext
instanceKlass com/android/utils/GrabProcessOutput
instanceKlass com/android/builder/tasks/BooleanLatch
instanceKlass com/android/builder/png/AaptProcess$ProcessOutputFacade
instanceKlass com/android/utils/GrabProcessOutput$IProcessOutput
instanceKlass com/android/builder/png/AaptProcess
instanceKlass java/lang/ProcessImpl$2
instanceKlass com/google/common/io/ByteArrayDataOutput
instanceKlass com/google/common/io/ByteArrayDataInput
instanceKlass com/google/common/io/ByteStreams
instanceKlass org/gradle/workers/internal/DefaultWorkResult
instanceKlass java/util/zip/Deflater
instanceKlass com/sun/imageio/plugins/png/CRC
instanceKlass javax/imageio/metadata/IIOMetadata
instanceKlass javax/imageio/IIOImage
instanceKlass com/sun/imageio/stream/CloseableDisposerRecord
instanceKlass javax/imageio/stream/ImageInputStreamImpl
instanceKlass javax/imageio/ImageIO$CacheInfo
instanceKlass com/sun/imageio/plugins/png/RowFilter
instanceKlass javax/imageio/ImageIO$ImageWriterIterator
instanceKlass javax/imageio/spi/FilterIterator
instanceKlass javax/imageio/spi/PartialOrderIterator
instanceKlass javax/imageio/ImageIO$CanEncodeImageAndFormatFilter
instanceKlass javax/imageio/spi/ServiceRegistry$Filter
instanceKlass sun/java2d/cmm/CMSManager
instanceKlass javax/imageio/ImageTypeSpecifier
instanceKlass javax/imageio/ImageWriter
instanceKlass javax/imageio/ImageTranscoder
instanceKlass javax/imageio/metadata/IIOMetadataFormat
instanceKlass javax/imageio/ImageReader
instanceKlass javax/imageio/spi/IIORegistry$1
instanceKlass com/sun/imageio/plugins/jpeg/JPEG
instanceKlass javax/imageio/stream/ImageOutputStream
instanceKlass javax/imageio/spi/DigraphNode
instanceKlass javax/imageio/stream/ImageInputStream
instanceKlass javax/imageio/spi/SubRegistry
instanceKlass java/util/Vector$Itr
instanceKlass sun/awt/PostEventQueue
instanceKlass sun/awt/MostRecentKeyValue
instanceKlass java/awt/Queue
instanceKlass java/awt/EventQueue$2
instanceKlass sun/awt/AWTAccessor$EventQueueAccessor
instanceKlass java/awt/EventQueue$1
instanceKlass java/awt/EventQueue
instanceKlass sun/awt/AppContext$1
instanceKlass sun/awt/AppContext$2
instanceKlass sun/awt/AppContext$3
instanceKlass sun/awt/AppContext$6
instanceKlass sun/misc/JavaAWTAccess
instanceKlass sun/awt/AppContext$GetAppContextLock
instanceKlass sun/awt/AppContext
instanceKlass javax/imageio/spi/IIOServiceProvider
instanceKlass javax/imageio/spi/RegisterableService
instanceKlass javax/imageio/spi/ServiceRegistry
instanceKlass javax/imageio/ImageIO
instanceKlass com/android/builder/internal/aapt/v2/QueueableAapt2$$Lambda$295
instanceKlass java/lang/ProcessBuilder
instanceKlass com/android/builder/png/AaptProcess$Builder
instanceKlass sun/java2d/pisces/Stroker$PolyStack
instanceKlass sun/java2d/pisces/Stroker
instanceKlass sun/java2d/pisces/TransformingPathConsumer2D
instanceKlass sun/java2d/pisces/PiscesRenderingEngine$2
instanceKlass sun/java2d/pisces/PiscesRenderingEngine$NormalizingPathIterator
instanceKlass java/awt/geom/Line2D
instanceKlass sun/java2d/pisces/PiscesTileGenerator
instanceKlass sun/java2d/pipe/AATileGenerator
instanceKlass sun/java2d/pisces/Renderer$ScanlineIterator
instanceKlass sun/java2d/pisces/PiscesCache
instanceKlass sun/java2d/pisces/Helpers
instanceKlass java/lang/StrictMath
instanceKlass sun/java2d/pisces/Curve
instanceKlass sun/java2d/pisces/Renderer
instanceKlass sun/awt/geom/PathConsumer2D
instanceKlass java/awt/geom/Path2D$Iterator
instanceKlass java/awt/geom/PathIterator
instanceKlass com/android/ide/common/vectordrawable/VdNodeRender
instanceKlass java/awt/image/BufferedImage$1
instanceKlass sun/java2d/pipe/AlphaPaintPipe$TileContext
instanceKlass java/awt/ColorPaintContext
instanceKlass java/awt/PaintContext
instanceKlass java/awt/RenderingHints
instanceKlass java/awt/GraphicsDevice
instanceKlass com/android/builder/tasks/WorkQueue$$Lambda$294
instanceKlass com/android/builder/tasks/WorkQueue$QueueTask
instanceKlass com/android/builder/internal/aapt/v2/Aapt2QueuedResourceProcessor$$Lambda$293
instanceKlass com/android/builder/internal/aapt/v2/Aapt2QueuedResourceProcessor$1
instanceKlass sun/java2d/loops/GraphicsPrimitiveMgr$PrimitiveSpec
instanceKlass sun/java2d/loops/GraphicsPrimitiveMgr$2
instanceKlass sun/java2d/loops/GraphicsPrimitiveMgr$1
instanceKlass com/android/ide/common/blame/MergingLogPersistUtil
instanceKlass com/android/builder/internal/aapt/v2/Aapt2RenamingConventions
instanceKlass sun/java2d/loops/GeneralRenderer
instanceKlass sun/java2d/loops/CustomComponent
instanceKlass sun/awt/SunHints$Value
instanceKlass java/awt/RenderingHints$Key
instanceKlass sun/java2d/pipe/ValidatePipe
instanceKlass sun/misc/PerformanceLogger$TimeData
instanceKlass sun/misc/PerformanceLogger
instanceKlass java/awt/BasicStroke
instanceKlass sun/awt/SunHints
instanceKlass java/awt/AlphaComposite
instanceKlass sun/java2d/loops/XORComposite
instanceKlass sun/awt/ConstrainableGraphics
instanceKlass sun/java2d/loops/GraphicsPrimitiveMgr
instanceKlass sun/java2d/loops/GraphicsPrimitive
instanceKlass sun/java2d/loops/CompositeType
instanceKlass sun/java2d/DefaultDisposerRecord
instanceKlass sun/java2d/DisposerRecord
instanceKlass sun/misc/ThreadGroupUtils
instanceKlass sun/java2d/Disposer$$Lambda$292
instanceKlass sun/java2d/Disposer$1
instanceKlass sun/java2d/Disposer
instanceKlass sun/java2d/loops/RenderLoops
instanceKlass sun/awt/image/BufImgSurfaceData$ICMColorData
instanceKlass sun/font/AttributeValues
instanceKlass sun/font/FontAccess
instanceKlass sun/java2d/SunGraphicsEnvironment$1
instanceKlass com/android/utils/XmlUtils$PositionAwareStringBuilder
instanceKlass sun/awt/SunDisplayChanger
instanceKlass sun/java2d/SurfaceManagerFactory
instanceKlass sun/java2d/windows/WindowsFlags$1
instanceKlass sun/java2d/windows/WindowsFlags
instanceKlass sun/awt/windows/WToolkit$2
instanceKlass java/awt/Component$DummyRequestFocusController
instanceKlass java/awt/Component$1
instanceKlass sun/awt/AWTAccessor$ComponentAccessor
instanceKlass java/awt/Component$AWTTreeLock
instanceKlass sun/java2d/DestSurfaceProvider
instanceKlass sun/java2d/loops/RenderCache$Entry
instanceKlass sun/java2d/loops/RenderCache
instanceKlass sun/java2d/pipe/DrawImage
instanceKlass sun/java2d/pipe/GeneralCompositePipe
instanceKlass sun/java2d/pipe/SpanShapeRenderer
instanceKlass sun/java2d/pipe/AlphaPaintPipe
instanceKlass sun/java2d/pipe/AAShapePipe
instanceKlass sun/java2d/pipe/RegionIterator
instanceKlass sun/java2d/pipe/SpanClipRenderer
instanceKlass sun/java2d/pipe/PixelToShapeConverter
instanceKlass sun/java2d/pipe/AlphaColorPipe
instanceKlass sun/java2d/pipe/CompositePipe
instanceKlass sun/java2d/pipe/GlyphListPipe
instanceKlass sun/java2d/pipe/OutlineTextRenderer
instanceKlass sun/java2d/pipe/RenderingEngine$1
instanceKlass sun/java2d/pipe/RenderingEngine
instanceKlass sun/java2d/pipe/LoopPipe
instanceKlass sun/java2d/pipe/LoopBasedPipe
instanceKlass sun/java2d/pipe/ParallelogramPipe
instanceKlass sun/java2d/pipe/NullPipe
instanceKlass sun/java2d/pipe/DrawImagePipe
instanceKlass sun/java2d/pipe/TextPipe
instanceKlass sun/java2d/pipe/ShapeDrawPipe
instanceKlass sun/java2d/pipe/PixelFillPipe
instanceKlass sun/java2d/pipe/PixelDrawPipe
instanceKlass sun/awt/image/PixelConverter
instanceKlass sun/java2d/loops/SurfaceType
instanceKlass sun/java2d/SurfaceData
instanceKlass sun/java2d/Surface
instanceKlass sun/java2d/DisposerTarget
instanceKlass sun/awt/windows/WToolkit$1
instanceKlass java/util/logging/Logger$1
instanceKlass sun/awt/KeyboardFocusManagerPeerProvider
instanceKlass sun/awt/InputMethodSupport
instanceKlass sun/awt/ComponentFactory
instanceKlass sun/awt/WindowClosingListener
instanceKlass sun/awt/WindowClosingSupport
instanceKlass sun/font/FontUtilities$1
instanceKlass sun/font/FontUtilities
instanceKlass sun/awt/DisplayChangedListener
instanceKlass java/awt/GraphicsEnvironment$$Lambda$291
instanceKlass java/awt/GraphicsEnvironment
instanceKlass java/awt/Toolkit$1
instanceKlass java/awt/Toolkit$3
instanceKlass java/awt/Toolkit$5
instanceKlass sun/awt/AWTAccessor
instanceKlass java/awt/Toolkit$4
instanceKlass sun/awt/AWTAccessor$ToolkitAccessor
instanceKlass sun/awt/image/NativeLibLoader$1
instanceKlass sun/awt/image/NativeLibLoader
instanceKlass java/awt/image/SampleModel
instanceKlass sun/java2d/StateTrackableDelegate$2
instanceKlass sun/java2d/StateTrackableDelegate
instanceKlass sun/java2d/StateTrackable
instanceKlass java/awt/image/DataBuffer$1
instanceKlass sun/awt/image/SunWritableRaster$DataStealer
instanceKlass java/awt/image/DataBuffer
instanceKlass java/awt/color/ICC_Profile$1
instanceKlass sun/java2d/cmm/ProfileActivator
instanceKlass sun/java2d/cmm/ProfileDeferralMgr
instanceKlass java/awt/color/ICC_Profile
instanceKlass java/awt/color/ColorSpace
instanceKlass java/awt/image/ColorModel$1
instanceKlass sun/awt/image/SurfaceManager
instanceKlass sun/awt/image/SurfaceManager$ImageAccessor
instanceKlass com/android/ide/common/util/AssetUtil$Effect
instanceKlass java/awt/image/Raster
instanceKlass java/awt/image/BufferedImageOp
instanceKlass com/android/ide/common/util/AssetUtil
instanceKlass com/android/ide/common/vectordrawable/VdPath$VdGradient
instanceKlass com/android/ide/common/vectordrawable/VdPath$Node
instanceKlass com/android/ide/common/vectordrawable/PathParser$ExtractFloatResult
instanceKlass com/android/ide/common/vectordrawable/PathParser
instanceKlass com/android/ide/common/vectordrawable/VdUtil
instanceKlass java/awt/Stroke
instanceKlass java/awt/geom/Path2D
instanceKlass com/sun/org/apache/xerces/internal/dom/DeepNodeListImpl
instanceKlass java/awt/geom/AffineTransform
instanceKlass com/android/ide/common/vectordrawable/VdElement
instanceKlass java/awt/Composite
instanceKlass com/android/ide/common/vectordrawable/VdTree
instanceKlass com/android/ide/common/vectordrawable/VdParser
instanceKlass com/android/ide/common/vectordrawable/VdPreview
instanceKlass com/google/common/io/CharStreams
instanceKlass com/google/common/io/CharSource
instanceKlass com/android/ide/common/vectordrawable/VdPreview$TargetSize
instanceKlass com/android/ide/common/res2/MergedResourceWriter$FileGenerationWorkAction
instanceKlass org/gradle/workers/internal/DefaultWorkerServer
instanceKlass org/gradle/workers/internal/WorkerProtocol
instanceKlass org/gradle/workers/internal/NoIsolationWorkerFactory$1$1
instanceKlass org/gradle/workers/internal/NoIsolationWorkerFactory$1
instanceKlass org/gradle/workers/internal/DefaultWorkerExecutor$4
instanceKlass org/gradle/workers/internal/DefaultWorkerExecutor$2
instanceKlass org/gradle/workers/internal/DefaultWorkerExecutor$1
instanceKlass org/gradle/workers/internal/DaemonForkOptionsBuilder$ImmutableJavaForkOptions
instanceKlass org/gradle/workers/internal/DaemonForkOptionsBuilder
instanceKlass org/gradle/workers/internal/DefaultWorkerExecutor$3
instanceKlass com/android/build/gradle/internal/LoggerWrapper$1
instanceKlass com/android/resources/ResourceUrl
instanceKlass com/android/ide/common/res2/MergedResourceWriter$1
instanceKlass org/gradle/workers/internal/SerializingActionExecutionSpec
instanceKlass com/android/build/gradle/tasks/WorkerExecutorAdapter$$Lambda$290
instanceKlass com/android/build/gradle/tasks/NoIsolationModeConfigurator
instanceKlass com/android/ide/common/res2/MergedResourceWriter$FileGenerationParameters
instanceKlass com/android/ide/common/res2/NodeUtils
instanceKlass com/android/ide/common/res2/CompileResourceRequest
instanceKlass com/google/common/collect/LinkedListMultimap$NodeIterator
instanceKlass com/google/common/collect/HashBasedTable$Factory
instanceKlass java/util/concurrent/ConcurrentLinkedDeque$Node
instanceKlass com/android/ide/common/res2/MergeWriter
instanceKlass com/sun/org/apache/xerces/internal/util/NamespaceContextWrapper
instanceKlass com/sun/org/apache/xerces/internal/impl/XMLStreamReaderImpl
instanceKlass javax/xml/stream/XMLStreamReader
instanceKlass javax/xml/stream/XMLStreamConstants
instanceKlass com/sun/org/apache/xerces/internal/impl/PropertyManager
instanceKlass javax/xml/stream/SecuritySupport$1
instanceKlass javax/xml/stream/FactoryFinder$1
instanceKlass javax/xml/stream/SecuritySupport$5
instanceKlass javax/xml/stream/SecuritySupport$2
instanceKlass javax/xml/stream/SecuritySupport
instanceKlass javax/xml/stream/FactoryFinder
instanceKlass javax/xml/stream/XMLInputFactory
instanceKlass com/google/common/collect/LinkedListMultimap$ValueForKeyIterator
instanceKlass com/google/common/collect/LinkedListMultimap$DistinctKeyIterator
instanceKlass com/google/common/collect/Multimaps$AsMap$EntrySet$1
instanceKlass com/android/ide/common/res2/ValueResourceNameValidator
instanceKlass com/android/utils/PositionXmlParser$Position
instanceKlass com/sun/org/apache/xerces/internal/util/EntityResolver2Wrapper
instanceKlass com/sun/org/apache/xerces/internal/dom/ParentNode$UserDataRecord
instanceKlass org/xml/sax/ext/DeclHandler
instanceKlass org/xml/sax/ext/LexicalHandler
instanceKlass com/android/utils/PositionXmlParser
instanceKlass com/android/ide/common/res2/ValueResourceParser2
instanceKlass com/google/common/collect/LinkedListMultimap$KeyList
instanceKlass com/android/ide/common/rendering/api/ResourceReference
instanceKlass com/android/utils/SdkUtils
instanceKlass com/android/ide/common/res2/FileResourceNameValidator
instanceKlass com/android/resources/FolderTypeRelationship
instanceKlass com/android/ide/common/resources/configuration/FolderConfiguration
instanceKlass com/android/ide/common/res2/ResourceSet$FolderData
instanceKlass com/android/builder/tasks/WorkQueue
instanceKlass com/android/builder/internal/aapt/AaptQueueThreadContext
instanceKlass com/android/builder/internal/aapt/v2/Aapt2QueuedResourceProcessor$Builder
instanceKlass com/android/builder/tasks/Job
instanceKlass com/android/builder/tasks/Task
instanceKlass com/android/builder/tasks/QueueThreadContext
instanceKlass com/android/builder/internal/aapt/QueuedResourceProcessor
instanceKlass com/android/ide/common/internal/ResourceProcessor
instanceKlass com/android/build/gradle/internal/aapt/AaptGradleFactory$FilteringLogger
instanceKlass com/android/builder/internal/aapt/AbstractAapt
instanceKlass com/android/build/gradle/internal/aapt/AaptGradleFactory$1
instanceKlass com/android/build/gradle/internal/aapt/AaptGradleFactory
instanceKlass com/android/build/gradle/tasks/MergeResources$$Lambda$289
instanceKlass com/android/ide/common/blame/MergingLogRewriter
instanceKlass com/android/ide/common/blame/parser/ToolOutputParser
instanceKlass com/android/ide/common/blame/parser/aapt/AbstractAaptOutputParser
instanceKlass com/android/ide/common/blame/parser/aapt/Aapt2OutputParser
instanceKlass com/android/ide/common/res2/DataItem
instanceKlass com/android/ide/common/resources/configuration/Configurable
instanceKlass com/android/ide/common/res2/DataMerger
instanceKlass com/android/ide/common/res2/NoOpResourcePreprocessor
instanceKlass com/android/ide/common/res2/DataFile
instanceKlass com/android/build/gradle/internal/LoggerWrapper$LoggerSupplier
instanceKlass com/android/ide/common/resources/configuration/ResourceQualifier
instanceKlass com/android/builder/png/VectorDrawableRenderer
instanceKlass com/android/build/gradle/tasks/MergeResources$$Lambda$288
instanceKlass com/android/build/gradle/tasks/MergeResources$ConfigAction$$Lambda$287
instanceKlass com/android/build/gradle/tasks/MergeResources$$Lambda$286
instanceKlass org/gradle/api/internal/changedetection/state/SetValueSnapshot
instanceKlass com/google/common/io/CharSink
instanceKlass com/google/gson/internal/Streams
instanceKlass com/android/build/gradle/internal/scope/OutputFactory$1
instanceKlass com/squareup/javawriter/JavaWriter
instanceKlass com/android/builder/internal/ClassFieldImpl
instanceKlass com/android/builder/compiling/BuildConfigGenerator
instanceKlass org/gradle/api/internal/changedetection/state/ListValueSnapshot
instanceKlass com/android/builder/internal/compiler/RenderScriptProcessor$$Lambda$285
instanceKlass com/android/builder/internal/compiler/RenderScriptProcessor$Abi
instanceKlass com/android/builder/internal/compiler/RenderScriptProcessor
instanceKlass com/android/build/gradle/tasks/RenderscriptCompile$$Lambda$284
instanceKlass com/android/build/gradle/internal/core/VariantConfiguration$$Lambda$283
instanceKlass com/google/common/io/Closer$SuppressingSuppressor
instanceKlass com/google/common/io/Closer$Suppressor
instanceKlass com/google/common/io/Closer
instanceKlass com/android/builder/internal/incremental/DependencyDataStore
instanceKlass com/android/builder/internal/compiler/DirectoryWalker$Builder$$Lambda$282
instanceKlass com/android/builder/internal/compiler/DirectoryWalker$ExtensionSelector
instanceKlass com/android/builder/internal/compiler/DirectoryWalker$Builder
instanceKlass com/android/builder/internal/compiler/DirectoryWalker
instanceKlass com/android/builder/internal/compiler/AidlProcessor
instanceKlass com/android/ide/common/process/BaseProcessOutputHandler
instanceKlass org/gradle/api/internal/changedetection/changes/StatefulIncrementalTaskInputs
instanceKlass org/gradle/api/internal/changedetection/changes/IncrementalTaskInputsInternal
instanceKlass org/gradle/api/internal/changedetection/changes/DiscoveredInputRecorder
instanceKlass org/gradle/api/internal/changedetection/state/NullValueSnapshot
instanceKlass com/android/build/gradle/internal/core/VariantConfiguration$$Lambda$281
instanceKlass org/gradle/api/internal/tasks/execution/statistics/TaskExecutionStatisticsEventAdapter$1
instanceKlass com/android/build/gradle/internal/tasks/AppPreBuildTask$$Lambda$280
instanceKlass com/android/build/gradle/internal/tasks/AppPreBuildTask$$Lambda$279
instanceKlass java/lang/invoke/LambdaForm$DMH
instanceKlass org/gradle/api/internal/tasks/execution/ExecuteActionsTaskExecuter$1
instanceKlass org/gradle/internal/logging/compatbridge/LoggingManagerInternalCompatibilityBridge
instanceKlass org/gradle/api/internal/tasks/execution/OutputDirectoryCreatingTaskExecuter$1
instanceKlass org/gradle/api/internal/changedetection/rules/SummaryTaskStateChanges
instanceKlass org/gradle/api/internal/changedetection/rules/DiscoveredInputsTaskStateChanges
instanceKlass org/gradle/api/internal/changedetection/rules/ErrorHandlingTaskStateChanges
instanceKlass org/gradle/api/internal/changedetection/rules/CachingTaskStateChanges
instanceKlass org/gradle/util/ChangeListener
instanceKlass org/gradle/api/internal/changedetection/rules/AbstractNamedFileSnapshotTaskStateChanges
instanceKlass org/gradle/api/internal/changedetection/rules/DescriptiveChange
instanceKlass org/gradle/api/internal/changedetection/rules/TaskStateChange
instanceKlass org/gradle/api/internal/changedetection/rules/PreviousSuccessTaskStateChanges
instanceKlass org/gradle/api/internal/changedetection/rules/SimpleTaskStateChanges
instanceKlass org/gradle/api/internal/changedetection/rules/TaskStateChanges
instanceKlass org/gradle/api/internal/changedetection/rules/TaskUpToDateState
instanceKlass org/gradle/api/internal/changedetection/state/AbstractTaskExecution
instanceKlass org/gradle/api/internal/OverlappingOutputs
instanceKlass org/gradle/api/internal/changedetection/state/MissingFileSnapshot
instanceKlass org/gradle/api/internal/changedetection/state/OutputPathNormalizationStrategy
instanceKlass org/gradle/api/internal/changedetection/state/ImplementationSnapshot
instanceKlass org/gradle/api/internal/tasks/DefaultTaskValidationContext
instanceKlass org/gradle/api/internal/changedetection/state/CacheBackedTaskHistoryRepository$1
instanceKlass org/gradle/normalization/internal/DefaultInputNormalizationHandler
instanceKlass org/gradle/normalization/internal/InputNormalizationHandlerInternal
instanceKlass org/gradle/normalization/internal/DefaultRuntimeClasspathNormalization
instanceKlass org/gradle/api/internal/changedetection/state/TaskExecution
instanceKlass org/gradle/api/internal/changedetection/changes/DefaultTaskArtifactStateRepository$TaskArtifactStateImpl
instanceKlass org/gradle/api/internal/TaskExecutionHistory
